2025-10-01 21:50:29 - REQUEST_METHOD: POST
POST data: Array
(
    [email] => luchocampanelli1@gmail.com
    [password] => drysda08
)

2025-10-01 21:59:05 - REQUEST_METHOD: POST
POST data: Array
(
    [email] => marto@gmail.com
    [password] => aeiou123
)

=== 2025-10-01 22:03:56 ===
REQUEST_METHOD: GET
POST: Array
(
)

GET: Array
(
)

RAW INPUT: 

=== 2025-10-01 22:05:30 ===
REQUEST_METHOD: GET
POST: Array
(
)

GET: Array
(
)

RAW INPUT: 

=== 2025-10-01 22:05:34 ===
REQUEST_METHOD: GET
POST: Array
(
)

GET: Array
(
)

RAW INPUT: 

=== 2025-10-01 22:05:35 ===
REQUEST_METHOD: GET
POST: Array
(
)

GET: Array
(
)

RAW INPUT: 

=== 2025-10-01 22:05:46 ===
REQUEST_METHOD: POST
POST: Array
(
    [email] => luchocampanelli1@gmail.com
    [password] => drysda08
)

GET: Array
(
)

RAW INPUT: 

=== 2025-10-01 22:06:04 ===
REQUEST_METHOD: GET
POST: Array
(
)

GET: Array
(
)

RAW INPUT: 

=== 2025-10-01 22:09:27 ===
REQUEST_METHOD: POST
POST: Array
(
    [email] => luchocampanelli1@gmail.com
    [password] => drysda08
)

GET: Array
(
)

RAW INPUT: 

=== 2025-10-01 22:10:02 ===
REQUEST_METHOD: POST
POST: Array
(
    [email] => luchocampanelli1@gmail.com
    [password] => drysda08
)

GET: Array
(
)

RAW INPUT: 

=== 2025-10-01 22:10:22 ===
REQUEST_METHOD: POST
POST: Array
(
    [email] => luchocampanelli1@gmail.com
    [password] => drysda08
)

GET: Array
(
)

RAW INPUT: 

=== 2025-10-01 22:10:30 ===
REQUEST_METHOD: POST
POST: Array
(
    [email] => luchocampanelli1@gmail.com
    [password] => drysda08
)

GET: Array
(
)

RAW INPUT: 

=== 2025-10-01 22:11:01 ===
REQUEST_METHOD: POST
POST: Array
(
    [email] => luchocampanelli1@gmail.com
    [password] => drysda08
)

GET: Array
(
)

RAW INPUT: 

=== 2025-10-01 22:11:11 ===
REQUEST_METHOD: POST
POST: Array
(
    [email] => luchocampanelli1@gmail.com
    [password] => drysda08
)

GET: Array
(
)

RAW INPUT: 

=== 2025-10-01 22:11:18 ===
REQUEST_METHOD: POST
POST: Array
(
    [email] => luchocampanelli1@gmail.com
    [password] => drysda08
)

GET: Array
(
)

RAW INPUT: 

=== 2025-10-01 22:11:23 ===
REQUEST_METHOD: POST
POST: Array
(
    [email] => marto@gmail.com
    [password] => a
)

GET: Array
(
)

RAW INPUT: 

=== 2025-10-01 22:11:24 ===
REQUEST_METHOD: POST
POST: Array
(
    [email] => marto@gmail.com
    [password] => a
)

GET: Array
(
)

RAW INPUT: 

=== 2025-10-01 22:11:24 ===
REQUEST_METHOD: POST
POST: Array
(
    [email] => marto@gmail.com
    [password] => a
)

GET: Array
(
)

RAW INPUT: 

=== 2025-10-01 22:11:25 ===
REQUEST_METHOD: POST
POST: Array
(
    [email] => marto@gmail.com
    [password] => a
)

GET: Array
(
)

RAW INPUT: 

=== 2025-10-01 22:11:25 ===
REQUEST_METHOD: POST
POST: Array
(
    [email] => marto@gmail.com
    [password] => a
)

GET: Array
(
)

RAW INPUT: 

=== 2025-10-01 22:11:25 ===
REQUEST_METHOD: POST
POST: Array
(
    [email] => marto@gmail.com
    [password] => a
)

GET: Array
(
)

RAW INPUT: 

=== 2025-10-01 22:11:26 ===
REQUEST_METHOD: POST
POST: Array
(
    [email] => marto@gmail.com
    [password] => a
)

GET: Array
(
)

RAW INPUT: 

=== 2025-10-01 22:11:26 ===
REQUEST_METHOD: POST
POST: Array
(
    [email] => marto@gmail.com
    [password] => a
)

GET: Array
(
)

RAW INPUT: 

=== 2025-10-01 22:11:26 ===
REQUEST_METHOD: POST
POST: Array
(
    [email] => marto@gmail.com
    [password] => a
)

GET: Array
(
)

RAW INPUT: 

=== 2025-10-01 22:11:26 ===
REQUEST_METHOD: POST
POST: Array
(
    [email] => marto@gmail.com
    [password] => a
)

GET: Array
(
)

RAW INPUT: 

=== 2025-10-01 22:11:26 ===
REQUEST_METHOD: POST
POST: Array
(
    [email] => marto@gmail.com
    [password] => a
)

GET: Array
(
)

RAW INPUT: 

=== 2025-10-01 22:11:27 ===
REQUEST_METHOD: POST
POST: Array
(
    [email] => marto@gmail.com
    [password] => a
)

GET: Array
(
)

RAW INPUT: 

=== 2025-10-01 22:11:27 ===
REQUEST_METHOD: POST
POST: Array
(
    [email] => marto@gmail.com
    [password] => a
)

GET: Array
(
)

RAW INPUT: 

=== 2025-10-01 22:11:28 ===
REQUEST_METHOD: POST
POST: Array
(
    [email] => marto@gmail.com
    [password] => a
)

GET: Array
(
)

RAW INPUT: 

=== 2025-10-01 22:11:28 ===
REQUEST_METHOD: POST
POST: Array
(
    [email] => marto@gmail.com
    [password] => a
)

GET: Array
(
)

RAW INPUT: 

=== 2025-10-01 22:11:30 ===
REQUEST_METHOD: POST
POST: Array
(
    [email] => marto@gmail.com
    [password] => a
)

GET: Array
(
)

RAW INPUT: 

=== 2025-10-01 22:11:31 ===
REQUEST_METHOD: POST
POST: Array
(
    [email] => marto@gmail.com
    [password] => a
)

GET: Array
(
)

RAW INPUT: 

=== 2025-10-01 22:11:31 ===
REQUEST_METHOD: POST
POST: Array
(
    [email] => marto@gmail.com
    [password] => a
)

GET: Array
(
)

RAW INPUT: 

=== 2025-10-01 22:11:31 ===
REQUEST_METHOD: POST
POST: Array
(
    [email] => marto@gmail.com
    [password] => a
)

GET: Array
(
)

RAW INPUT: 

=== 2025-10-01 22:11:32 ===
REQUEST_METHOD: POST
POST: Array
(
    [email] => marto@gmail.com
    [password] => a
)

GET: Array
(
)

RAW INPUT: 

=== 2025-10-01 22:11:32 ===
REQUEST_METHOD: POST
POST: Array
(
    [email] => marto@gmail.com
    [password] => a
)

GET: Array
(
)

RAW INPUT: 

=== 2025-10-01 22:11:32 ===
REQUEST_METHOD: POST
POST: Array
(
    [email] => marto@gmail.com
    [password] => a
)

GET: Array
(
)

RAW INPUT: 

=== 2025-10-01 22:11:32 ===
REQUEST_METHOD: POST
POST: Array
(
    [email] => marto@gmail.com
    [password] => a
)

GET: Array
(
)

RAW INPUT: 

=== 2025-10-01 22:11:33 ===
REQUEST_METHOD: POST
POST: Array
(
    [email] => marto@gmail.com
    [password] => a
)

GET: Array
(
)

RAW INPUT: 

=== 2025-10-01 22:11:33 ===
REQUEST_METHOD: POST
POST: Array
(
    [email] => marto@gmail.com
    [password] => a
)

GET: Array
(
)

RAW INPUT: 

=== 2025-10-01 22:11:33 ===
REQUEST_METHOD: POST
POST: Array
(
    [email] => marto@gmail.com
    [password] => a
)

GET: Array
(
)

RAW INPUT: 

=== 2025-10-01 22:11:33 ===
REQUEST_METHOD: POST
POST: Array
(
    [email] => marto@gmail.com
    [password] => a
)

GET: Array
(
)

RAW INPUT: 

=== 2025-10-01 22:11:33 ===
REQUEST_METHOD: POST
POST: Array
(
    [email] => marto@gmail.com
    [password] => a
)

GET: Array
(
)

RAW INPUT: 

=== 2025-10-01 22:11:34 ===
REQUEST_METHOD: POST
POST: Array
(
    [email] => marto@gmail.com
    [password] => a
)

GET: Array
(
)

RAW INPUT: 

=== 2025-10-01 22:11:34 ===
REQUEST_METHOD: POST
POST: Array
(
    [email] => marto@gmail.com
    [password] => a
)

GET: Array
(
)

RAW INPUT: 

=== 2025-10-01 22:11:34 ===
REQUEST_METHOD: POST
POST: Array
(
    [email] => marto@gmail.com
    [password] => a
)

GET: Array
(
)

RAW INPUT: 

=== 2025-10-01 22:11:34 ===
REQUEST_METHOD: POST
POST: Array
(
    [email] => marto@gmail.com
    [password] => a
)

GET: Array
(
)

RAW INPUT: 

=== 2025-10-01 22:11:34 ===
REQUEST_METHOD: POST
POST: Array
(
    [email] => marto@gmail.com
    [password] => a
)

GET: Array
(
)

RAW INPUT: 

=== 2025-10-01 22:11:34 ===
REQUEST_METHOD: POST
POST: Array
(
    [email] => marto@gmail.com
    [password] => a
)

GET: Array
(
)

RAW INPUT: 

=== 2025-10-01 22:11:35 ===
REQUEST_METHOD: POST
POST: Array
(
    [email] => marto@gmail.com
    [password] => a
)

GET: Array
(
)

RAW INPUT: 

=== 2025-10-01 22:11:35 ===
REQUEST_METHOD: POST
POST: Array
(
    [email] => marto@gmail.com
    [password] => a
)

GET: Array
(
)

RAW INPUT: 

=== 2025-10-01 22:11:35 ===
REQUEST_METHOD: POST
POST: Array
(
    [email] => marto@gmail.com
    [password] => a
)

GET: Array
(
)

RAW INPUT: 

=== 2025-10-01 22:11:35 ===
REQUEST_METHOD: POST
POST: Array
(
    [email] => marto@gmail.com
    [password] => a
)

GET: Array
(
)

RAW INPUT: 

=== 2025-10-01 22:11:38 ===
REQUEST_METHOD: POST
POST: Array
(
    [email] => marto@gmail.com
    [password] => a
)

GET: Array
(
)

RAW INPUT: 

=== 2025-10-01 22:11:38 ===
REQUEST_METHOD: POST
POST: Array
(
    [email] => marto@gmail.com
    [password] => a
)

GET: Array
(
)

RAW INPUT: 

=== 2025-10-01 22:11:38 ===
REQUEST_METHOD: POST
POST: Array
(
    [email] => marto@gmail.com
    [password] => a
)

GET: Array
(
)

RAW INPUT: 

=== 2025-10-01 22:11:38 ===
REQUEST_METHOD: POST
POST: Array
(
    [email] => marto@gmail.com
    [password] => a
)

GET: Array
(
)

RAW INPUT: 

=== 2025-10-01 22:11:38 ===
REQUEST_METHOD: POST
POST: Array
(
    [email] => marto@gmail.com
    [password] => a
)

GET: Array
(
)

RAW INPUT: 

=== 2025-10-01 22:11:39 ===
REQUEST_METHOD: POST
POST: Array
(
    [email] => marto@gmail.com
    [password] => a
)

GET: Array
(
)

RAW INPUT: 

=== 2025-10-01 22:11:39 ===
REQUEST_METHOD: POST
POST: Array
(
    [email] => marto@gmail.com
    [password] => a
)

GET: Array
(
)

RAW INPUT: 

=== 2025-10-01 22:11:39 ===
REQUEST_METHOD: POST
POST: Array
(
    [email] => marto@gmail.com
    [password] => a
)

GET: Array
(
)

RAW INPUT: 

=== 2025-10-01 22:11:43 ===
REQUEST_METHOD: POST
POST: Array
(
    [email] => marto@gmail.com
    [password] => a
)

GET: Array
(
)

RAW INPUT: 

=== 2025-10-01 22:11:43 ===
REQUEST_METHOD: POST
POST: Array
(
    [email] => marto@gmail.com
    [password] => a
)

GET: Array
(
)

RAW INPUT: 

=== 2025-10-01 22:11:43 ===
REQUEST_METHOD: POST
POST: Array
(
    [email] => marto@gmail.com
    [password] => a
)

GET: Array
(
)

RAW INPUT: 

=== 2025-10-01 22:11:44 ===
REQUEST_METHOD: POST
POST: Array
(
    [email] => marto@gmail.com
    [password] => a
)

GET: Array
(
)

RAW INPUT: 

=== 2025-10-01 22:11:44 ===
REQUEST_METHOD: POST
POST: Array
(
    [email] => marto@gmail.com
    [password] => a
)

GET: Array
(
)

RAW INPUT: 

=== 2025-10-01 22:11:44 ===
REQUEST_METHOD: POST
POST: Array
(
    [email] => marto@gmail.com
    [password] => a
)

GET: Array
(
)

RAW INPUT: 

=== 2025-10-01 22:11:45 ===
REQUEST_METHOD: POST
POST: Array
(
    [email] => marto@gmail.com
    [password] => a
)

GET: Array
(
)

RAW INPUT: 

=== 2025-10-01 22:11:45 ===
REQUEST_METHOD: POST
POST: Array
(
    [email] => marto@gmail.com
    [password] => a
)

GET: Array
(
)

RAW INPUT: 

=== 2025-10-01 22:11:45 ===
REQUEST_METHOD: POST
POST: Array
(
    [email] => marto@gmail.com
    [password] => a
)

GET: Array
(
)

RAW INPUT: 

=== 2025-10-01 22:11:46 ===
REQUEST_METHOD: POST
POST: Array
(
    [email] => marto@gmail.com
    [password] => a
)

GET: Array
(
)

RAW INPUT: 

=== 2025-10-01 22:11:46 ===
REQUEST_METHOD: POST
POST: Array
(
    [email] => marto@gmail.com
    [password] => a
)

GET: Array
(
)

RAW INPUT: 

=== 2025-10-01 22:11:46 ===
REQUEST_METHOD: POST
POST: Array
(
    [email] => marto@gmail.com
    [password] => a
)

GET: Array
(
)

RAW INPUT: 

=== 2025-10-01 22:11:46 ===
REQUEST_METHOD: POST
POST: Array
(
    [email] => marto@gmail.com
    [password] => a
)

GET: Array
(
)

RAW INPUT: 

=== 2025-10-01 22:11:46 ===
REQUEST_METHOD: POST
POST: Array
(
    [email] => marto@gmail.com
    [password] => a
)

GET: Array
(
)

RAW INPUT: 

=== 2025-10-01 22:11:47 ===
REQUEST_METHOD: POST
POST: Array
(
    [email] => marto@gmail.com
    [password] => a
)

GET: Array
(
)

RAW INPUT: 

=== 2025-10-01 22:11:47 ===
REQUEST_METHOD: POST
POST: Array
(
    [email] => marto@gmail.com
    [password] => a
)

GET: Array
(
)

RAW INPUT: 

=== 2025-10-01 22:11:47 ===
REQUEST_METHOD: POST
POST: Array
(
    [email] => marto@gmail.com
    [password] => a
)

GET: Array
(
)

RAW INPUT: 

=== 2025-10-01 22:11:47 ===
REQUEST_METHOD: POST
POST: Array
(
    [email] => marto@gmail.com
    [password] => a
)

GET: Array
(
)

RAW INPUT: 

=== 2025-10-01 22:11:47 ===
REQUEST_METHOD: POST
POST: Array
(
    [email] => marto@gmail.com
    [password] => a
)

GET: Array
(
)

RAW INPUT: 

=== 2025-10-01 22:11:48 ===
REQUEST_METHOD: POST
POST: Array
(
    [email] => marto@gmail.com
    [password] => a
)

GET: Array
(
)

RAW INPUT: 

=== 2025-10-01 22:11:48 ===
REQUEST_METHOD: POST
POST: Array
(
    [email] => marto@gmail.com
    [password] => a
)

GET: Array
(
)

RAW INPUT: 

=== 2025-10-01 22:11:58 ===
REQUEST_METHOD: POST
POST: Array
(
    [email] => luchocampanelli1@gmail.com
    [password] => a
)

GET: Array
(
)

RAW INPUT: 

=== 2025-10-01 22:12:04 ===
REQUEST_METHOD: POST
POST: Array
(
    [email] => luchocampanelli1@gmail.com
    [password] => a
)

GET: Array
(
)

RAW INPUT: 

=== 2025-10-01 22:12:09 ===
REQUEST_METHOD: POST
POST: Array
(
    [email] => luchocampanelli1@gmail.com
    [password] => a
)

GET: Array
(
)

RAW INPUT: 

=== 2025-10-01 22:15:06 ===
REQUEST_METHOD: POST
POST: Array
(
    [email] => luchocampanelli1@gmail.com
    [password] => drysda08
)

GET: Array
(
)

RAW INPUT: 

=== 2025-10-01 22:15:15 ===
REQUEST_METHOD: POST
POST: Array
(
    [email] => luchocampanelli1@gmail.com
    [password] => drysda08
)

GET: Array
(
)

RAW INPUT: 

=== 2025-10-01 22:15:25 ===
REQUEST_METHOD: POST
POST: Array
(
    [email] => luchocampanelli1@gmail.com
    [password] => drysda08
)

GET: Array
(
)

RAW INPUT: 

=== 2025-10-01 22:15:35 ===
REQUEST_METHOD: POST
POST: Array
(
    [email] => luchocampanelli1@gmail.com
    [password] => drysda08
)

GET: Array
(
)

RAW INPUT: 

=== 2025-10-01 22:17:20 ===
REQUEST_METHOD: POST
POST: Array
(
    [email] => luchocampanelli1@gmail.com
    [password] => drysda08
)

GET: Array
(
)

RAW INPUT: 

=== 2025-10-01 22:17:38 ===
REQUEST_METHOD: POST
POST: Array
(
    [email] => luchocampanelli1@gmail.com
    [password] => drysda08
)

GET: Array
(
)

RAW INPUT: 

=== 2025-10-01 22:17:38 ===
REQUEST_METHOD: POST
POST: Array
(
    [email] => luchocampanelli1@gmail.com
    [password] => drysda08
)

GET: Array
(
)

RAW INPUT: 

=== 2025-10-01 22:17:52 ===
REQUEST_METHOD: POST
POST: Array
(
    [email] => marto@gmail.com
    [password] => s
)

GET: Array
(
)

RAW INPUT: 

=== 2025-10-01 22:17:52 ===
REQUEST_METHOD: POST
POST: Array
(
    [email] => marto@gmail.com
    [password] => s
)

GET: Array
(
)

RAW INPUT: 

=== 2025-10-01 22:18:11 ===
REQUEST_METHOD: POST
POST: Array
(
    [email] => luchocampanelli1@gmail.com
    [password] => drysda08
)

GET: Array
(
)

RAW INPUT: 

=== 2025-10-01 22:18:11 ===
REQUEST_METHOD: POST
POST: Array
(
    [email] => luchocampanelli1@gmail.com
    [password] => drysda08
)

GET: Array
(
)

RAW INPUT: 

=== 2025-10-01 22:20:02 ===
REQUEST_METHOD: POST
POST: Array
(
    [email] => luchocampanelli1@gmail.com
    [password] => drysda08
)

GET: Array
(
)

RAW INPUT: 

=== 2025-10-01 22:20:02 ===
REQUEST_METHOD: POST
POST: Array
(
    [email] => luchocampanelli1@gmail.com
    [password] => drysda08
)

GET: Array
(
)

RAW INPUT: 

=== 2025-10-01 22:20:14 ===
REQUEST_METHOD: POST
POST: Array
(
    [email] => admin@elbuengusto.com
    [password] => admin123
)

GET: Array
(
)

RAW INPUT: 

=== 2025-10-01 22:20:14 ===
REQUEST_METHOD: POST
POST: Array
(
    [email] => admin@elbuengusto.com
    [password] => admin123
)

GET: Array
(
)

RAW INPUT: 

=== 2025-10-01 22:27:57 ===
REQUEST_METHOD: POST
POST: Array
(
    [email] => admin@elbuengusto.com
    [password] => a
)

GET: Array
(
)

RAW INPUT: 

=== 2025-10-01 22:27:57 ===
REQUEST_METHOD: POST
POST: Array
(
    [email] => admin@elbuengusto.com
    [password] => a
)

GET: Array
(
)

RAW INPUT: 

=== 2025-10-01 22:27:57 ===
REQUEST_METHOD: POST
POST: Array
(
    [email] => admin@elbuengusto.com
    [password] => a
)

GET: Array
(
)

RAW INPUT: 

=== 2025-10-01 22:28:01 ===
REQUEST_METHOD: POST
POST: Array
(
    [email] => admin@elbuengusto.com
    [password] => admin123
)

GET: Array
(
)

RAW INPUT: 

=== 2025-10-01 22:28:22 ===
REQUEST_METHOD: POST
POST: Array
(
    [email] => admin@elbuengusto.com
    [password] => admin123
)

GET: Array
(
)

RAW INPUT: 

=== 2025-10-01 22:28:49 ===
REQUEST_METHOD: POST
POST: Array
(
    [email] => admin@elbuengusto.com
    [password] => admin123
)

GET: Array
(
)

RAW INPUT: 

=== 2025-10-01 22:28:49 ===
REQUEST_METHOD: POST
POST: Array
(
    [email] => admin@elbuengusto.com
    [password] => admin123
)

GET: Array
(
)

RAW INPUT: 

=== 2025-10-02 03:11:03 ===
REQUEST_METHOD: POST
POST: Array
(
    [email] => admin@elbuengusto.com
    [password] => admin123
)

GET: Array
(
)

RAW INPUT: 

=== 2025-10-02 03:11:49 ===
REQUEST_METHOD: POST
POST: Array
(
    [email] => admin@elbuengusto.com
    [password] => admin123
)

GET: Array
(
)

RAW INPUT: 

=== 2025-10-02 03:11:49 ===
REQUEST_METHOD: POST
POST: Array
(
    [email] => admin@elbuengusto.com
    [password] => admin123
)

GET: Array
(
)

RAW INPUT: 

=== 2025-10-15 22:56:44 ===
REQUEST_METHOD: POST
POST: Array
(
    [email] => admin@elbuengusto.com
    [password] => admin123
)

GET: Array
(
)

RAW INPUT: 

=== 2025-10-15 22:57:49 ===
REQUEST_METHOD: POST
POST: Array
(
    [email] => admin@elbuengusto.com
    [password] => ADMIN123
)

GET: Array
(
)

RAW INPUT: 

=== 2025-10-15 22:57:49 ===
REQUEST_METHOD: POST
POST: Array
(
    [email] => admin@elbuengusto.com
    [password] => ADMIN123
)

GET: Array
(
)

RAW INPUT: 

=== 2025-10-15 22:57:57 ===
REQUEST_METHOD: POST
POST: Array
(
    [email] => admin@elbuengusto.com
    [password] => admin123
)

GET: Array
(
)

RAW INPUT: 

=== 2025-10-15 22:57:57 ===
REQUEST_METHOD: POST
POST: Array
(
    [email] => admin@elbuengusto.com
    [password] => admin123
)

GET: Array
(
)

RAW INPUT: 

=== 2025-10-15 22:58:26 ===
REQUEST_METHOD: POST
POST: Array
(
    [email] => admin@elbuengusto.com
    [password] => admin123
)

GET: Array
(
)

RAW INPUT: 

=== 2025-10-15 22:58:56 ===
REQUEST_METHOD: POST
POST: Array
(
    [email] => admin@elbuengusto.com
    [password] => admin123
)

GET: Array
(
)

RAW INPUT: 

=== 2025-10-15 22:58:56 ===
REQUEST_METHOD: POST
POST: Array
(
    [email] => admin@elbuengusto.com
    [password] => admin123
)

GET: Array
(
)

RAW INPUT: 

=== 2025-10-16 00:17:13 ===
REQUEST_METHOD: POST
POST: Array
(
    [email] => prueba@gmail.com
    [password] => 123456
)

GET: Array
(
)

RAW INPUT: 

=== 2025-10-16 00:18:05 ===
REQUEST_METHOD: POST
POST: Array
(
    [email] => prueba@gmail.com
    [password] => 123456
)

GET: Array
(
)

RAW INPUT: 

=== 2025-10-16 00:18:05 ===
REQUEST_METHOD: POST
POST: Array
(
    [email] => prueba@gmail.com
    [password] => 123456
)

GET: Array
(
)

RAW INPUT: 

=== 2025-10-16 00:34:06 ===
REQUEST_METHOD: POST
POST: Array
(
    [email] => prueba@gmail.com
    [password] => 123456
)

GET: Array
(
)

RAW INPUT: 

=== 2025-10-16 00:56:40 ===
REQUEST_METHOD: POST
POST: Array
(
    [email] => admin@elbuengusto.com
    [password] => admin123
)

GET: Array
(
)

RAW INPUT: 

=== 2025-10-16 00:56:40 ===
REQUEST_METHOD: POST
POST: Array
(
    [email] => admin@elbuengusto.com
    [password] => admin123
)

GET: Array
(
)

RAW INPUT: 

=== 2025-10-21 00:08:09 ===
REQUEST_METHOD: POST
POST: Array
(
    [email] => luchocampanelli1@gmail.com
    [password] => drysda08
)

GET: Array
(
)

RAW INPUT: 

=== 2025-10-21 00:08:20 ===
REQUEST_METHOD: POST
POST: Array
(
    [email] => luchocampanelli1@gmail.com
    [password] => drysda08
)

GET: Array
(
)

RAW INPUT: 

=== 2025-10-21 00:10:23 ===
REQUEST_METHOD: POST
POST: Array
(
    [email] => luchocampanelli1@gmail.com
    [password] => drysda08
)

GET: Array
(
)

RAW INPUT: 

=== 2025-10-21 00:10:23 ===
REQUEST_METHOD: POST
POST: Array
(
    [email] => luchocampanelli1@gmail.com
    [password] => drysda08
)

GET: Array
(
)

RAW INPUT: 

=== 2025-10-21 00:12:11 ===
REQUEST_METHOD: POST
POST: Array
(
    [email] => luchocampanelli1@gmail.com
    [password] => drysda08
)

GET: Array
(
)

RAW INPUT: 

=== 2025-10-21 00:12:11 ===
REQUEST_METHOD: POST
POST: Array
(
    [email] => luchocampanelli1@gmail.com
    [password] => drysda08
)

GET: Array
(
)

RAW INPUT: 

=== 2025-10-21 00:13:33 ===
REQUEST_METHOD: POST
POST: Array
(
    [email] => cocinero1@rotiseria.com
    [password] => cocinero123
)

GET: Array
(
)

RAW INPUT: 

=== 2025-10-21 00:13:33 ===
REQUEST_METHOD: POST
POST: Array
(
    [email] => cocinero1@rotiseria.com
    [password] => cocinero123
)

GET: Array
(
)

RAW INPUT: 

=== 2025-10-21 00:13:33 ===
REQUEST_METHOD: POST
POST: Array
(
    [email] => cocinero1@rotiseria.com
    [password] => cocinero123
)

GET: Array
(
)

RAW INPUT: 

=== 2025-10-21 00:13:33 ===
REQUEST_METHOD: POST
POST: Array
(
    [email] => cocinero1@rotiseria.com
    [password] => cocinero123
)

GET: Array
(
)

RAW INPUT: 

=== 2025-10-21 00:13:34 ===
REQUEST_METHOD: POST
POST: Array
(
    [email] => cocinero1@rotiseria.com
    [password] => cocinero123
)

GET: Array
(
)

RAW INPUT: 

=== 2025-10-21 00:13:34 ===
REQUEST_METHOD: POST
POST: Array
(
    [email] => cocinero1@rotiseria.com
    [password] => cocinero123
)

GET: Array
(
)

RAW INPUT: 

=== 2025-10-21 00:13:35 ===
REQUEST_METHOD: POST
POST: Array
(
    [email] => cocinero1@rotiseria.com
    [password] => cocinero123
)

GET: Array
(
)

RAW INPUT: 

=== 2025-10-21 00:13:35 ===
REQUEST_METHOD: POST
POST: Array
(
    [email] => cocinero1@rotiseria.com
    [password] => cocinero123
)

GET: Array
(
)

RAW INPUT: 

=== 2025-10-21 00:13:35 ===
REQUEST_METHOD: POST
POST: Array
(
    [email] => cocinero1@rotiseria.com
    [password] => cocinero123
)

GET: Array
(
)

RAW INPUT: 

=== 2025-10-21 00:13:35 ===
REQUEST_METHOD: POST
POST: Array
(
    [email] => cocinero1@rotiseria.com
    [password] => cocinero123
)

GET: Array
(
)

RAW INPUT: 

=== 2025-10-21 00:13:35 ===
REQUEST_METHOD: POST
POST: Array
(
    [email] => cocinero1@rotiseria.com
    [password] => cocinero123
)

GET: Array
(
)

RAW INPUT: 

=== 2025-10-21 00:13:35 ===
REQUEST_METHOD: POST
POST: Array
(
    [email] => cocinero1@rotiseria.com
    [password] => cocinero123
)

GET: Array
(
)

RAW INPUT: 

=== 2025-10-21 00:13:40 ===
REQUEST_METHOD: POST
POST: Array
(
    [email] => cocinero1@rotiseria.com
    [password] => cocinero123
)

GET: Array
(
)

RAW INPUT: 

=== 2025-10-21 00:13:40 ===
REQUEST_METHOD: POST
POST: Array
(
    [email] => cocinero1@rotiseria.com
    [password] => cocinero123
)

GET: Array
(
)

RAW INPUT: 

=== 2025-10-21 00:14:48 ===
REQUEST_METHOD: POST
POST: Array
(
    [email] => cocinero1@rotiseria.com
    [password] => cocinero123
)

GET: Array
(
)

RAW INPUT: 

=== 2025-10-21 00:14:48 ===
REQUEST_METHOD: POST
POST: Array
(
    [email] => cocinero1@rotiseria.com
    [password] => cocinero123
)

GET: Array
(
)

RAW INPUT: 

=== 2025-10-21 00:14:55 ===
REQUEST_METHOD: POST
POST: Array
(
    [email] => cocinero10@rotiseria.com
    [password] => cocinero123
)

GET: Array
(
)

RAW INPUT: 

=== 2025-10-21 00:14:55 ===
REQUEST_METHOD: POST
POST: Array
(
    [email] => cocinero10@rotiseria.com
    [password] => cocinero123
)

GET: Array
(
)

RAW INPUT: 

=== 2025-10-21 00:14:56 ===
REQUEST_METHOD: POST
POST: Array
(
    [email] => cocinero10@rotiseria.com
    [password] => cocinero123
)

GET: Array
(
)

RAW INPUT: 

=== 2025-10-21 00:14:56 ===
REQUEST_METHOD: POST
POST: Array
(
    [email] => cocinero10@rotiseria.com
    [password] => cocinero123
)

GET: Array
(
)

RAW INPUT: 

=== 2025-10-21 00:14:56 ===
REQUEST_METHOD: POST
POST: Array
(
    [email] => cocinero10@rotiseria.com
    [password] => cocinero123
)

GET: Array
(
)

RAW INPUT: 

=== 2025-10-21 00:14:56 ===
REQUEST_METHOD: POST
POST: Array
(
    [email] => cocinero10@rotiseria.com
    [password] => cocinero123
)

GET: Array
(
)

RAW INPUT: 

=== 2025-10-21 00:14:56 ===
REQUEST_METHOD: POST
POST: Array
(
    [email] => cocinero10@rotiseria.com
    [password] => cocinero123
)

GET: Array
(
)

RAW INPUT: 

=== 2025-10-21 00:14:56 ===
REQUEST_METHOD: POST
POST: Array
(
    [email] => cocinero10@rotiseria.com
    [password] => cocinero123
)

GET: Array
(
)

RAW INPUT: 

=== 2025-10-21 00:14:57 ===
REQUEST_METHOD: POST
POST: Array
(
    [email] => cocinero10@rotiseria.com
    [password] => cocinero123
)

GET: Array
(
)

RAW INPUT: 

=== 2025-10-21 00:14:57 ===
REQUEST_METHOD: POST
POST: Array
(
    [email] => cocinero10@rotiseria.com
    [password] => cocinero123
)

GET: Array
(
)

RAW INPUT: 

=== 2025-10-21 00:14:57 ===
REQUEST_METHOD: POST
POST: Array
(
    [email] => cocinero10@rotiseria.com
    [password] => cocinero123
)

GET: Array
(
)

RAW INPUT: 

=== 2025-10-21 00:14:57 ===
REQUEST_METHOD: POST
POST: Array
(
    [email] => cocinero10@rotiseria.com
    [password] => cocinero123
)

GET: Array
(
)

RAW INPUT: 

=== 2025-10-21 00:14:57 ===
REQUEST_METHOD: POST
POST: Array
(
    [email] => cocinero10@rotiseria.com
    [password] => cocinero123
)

GET: Array
(
)

RAW INPUT: 

=== 2025-10-21 00:14:57 ===
REQUEST_METHOD: POST
POST: Array
(
    [email] => cocinero10@rotiseria.com
    [password] => cocinero123
)

GET: Array
(
)

RAW INPUT: 

=== 2025-10-21 00:14:57 ===
REQUEST_METHOD: POST
POST: Array
(
    [email] => cocinero10@rotiseria.com
    [password] => cocinero123
)

GET: Array
(
)

RAW INPUT: 

=== 2025-10-21 00:14:57 ===
REQUEST_METHOD: POST
POST: Array
(
    [email] => cocinero10@rotiseria.com
    [password] => cocinero123
)

GET: Array
(
)

RAW INPUT: 

=== 2025-10-21 00:15:37 ===
REQUEST_METHOD: POST
POST: Array
(
    [email] => cocinero20@rotiseria.com
    [password] => cocinero123
)

GET: Array
(
)

RAW INPUT: 

=== 2025-10-21 00:15:37 ===
REQUEST_METHOD: POST
POST: Array
(
    [email] => cocinero20@rotiseria.com
    [password] => cocinero123
)

GET: Array
(
)

RAW INPUT: 

=== 2025-10-21 00:17:08 ===
REQUEST_METHOD: POST
POST: Array
(
    [email] => cocinero20@gmail.com
    [password] => cocinero123
)

GET: Array
(
)

RAW INPUT: 

=== 2025-10-21 00:17:08 ===
REQUEST_METHOD: POST
POST: Array
(
    [email] => cocinero20@gmail.com
    [password] => cocinero123
)

GET: Array
(
)

RAW INPUT: 

=== 2025-10-21 00:17:10 ===
REQUEST_METHOD: POST
POST: Array
(
    [email] => cocinero20@gmail.com
    [password] => cocinero123
)

GET: Array
(
)

RAW INPUT: 

=== 2025-10-21 00:17:10 ===
REQUEST_METHOD: POST
POST: Array
(
    [email] => cocinero20@gmail.com
    [password] => cocinero123
)

GET: Array
(
)

RAW INPUT: 

=== 2025-10-21 00:17:14 ===
REQUEST_METHOD: POST
POST: Array
(
    [email] => cocinero20@rotiseria.com
    [password] => cocinero123
)

GET: Array
(
)

RAW INPUT: 

=== 2025-10-21 00:17:14 ===
REQUEST_METHOD: POST
POST: Array
(
    [email] => cocinero20@rotiseria.com
    [password] => cocinero123
)

GET: Array
(
)

RAW INPUT: 

=== 2025-10-21 00:17:47 ===
REQUEST_METHOD: POST
POST: Array
(
    [email] => cocinero20@rotiseria.com
    [password] => cocinero123
)

GET: Array
(
)

RAW INPUT: 

=== 2025-10-21 00:17:47 ===
REQUEST_METHOD: POST
POST: Array
(
    [email] => cocinero20@rotiseria.com
    [password] => cocinero123
)

GET: Array
(
)

RAW INPUT: 

=== 2025-10-21 01:49:23 ===
REQUEST_METHOD: POST
POST: Array
(
    [email] => luchocampanelli1@gmail.com
    [password] => drysda08
)

GET: Array
(
)

RAW INPUT: 

=== 2025-10-21 01:49:23 ===
REQUEST_METHOD: POST
POST: Array
(
    [email] => luchocampanelli1@gmail.com
    [password] => drysda08
)

GET: Array
(
)

RAW INPUT: 

=== 2025-10-21 01:50:20 ===
REQUEST_METHOD: POST
POST: Array
(
    [email] => luchocampanelli1@gmail.com
    [password] => drysda08
)

GET: Array
(
)

RAW INPUT: 

=== 2025-10-21 01:50:20 ===
REQUEST_METHOD: POST
POST: Array
(
    [email] => luchocampanelli1@gmail.com
    [password] => drysda08
)

GET: Array
(
)

RAW INPUT: 

=== 2025-10-21 01:52:41 ===
REQUEST_METHOD: POST
POST: Array
(
    [email] => cocinero20@rotiseria.com
    [password] => cocinero123
)

GET: Array
(
)

RAW INPUT: 

=== 2025-10-21 01:52:41 ===
REQUEST_METHOD: POST
POST: Array
(
    [email] => cocinero20@rotiseria.com
    [password] => cocinero123
)

GET: Array
(
)

RAW INPUT: 

=== 2025-10-21 01:54:32 ===
REQUEST_METHOD: POST
POST: Array
(
    [email] => cocinero20@rotiseria.com
    [password] => cocinero123
)

GET: Array
(
)

RAW INPUT: 

=== 2025-10-21 01:54:32 ===
REQUEST_METHOD: POST
POST: Array
(
    [email] => cocinero20@rotiseria.com
    [password] => cocinero123
)

GET: Array
(
)

RAW INPUT: 

=== 2025-10-21 02:12:26 ===
REQUEST_METHOD: POST
POST: Array
(
    [email] => luchocampanelli1@gmail.com
    [password] => drysda08
)

GET: Array
(
)

RAW INPUT: 

=== 2025-10-21 02:12:26 ===
REQUEST_METHOD: POST
POST: Array
(
    [email] => luchocampanelli1@gmail.com
    [password] => drysda08
)

GET: Array
(
)

RAW INPUT: 

=== 2025-10-21 02:13:29 ===
REQUEST_METHOD: POST
POST: Array
(
    [email] => cocinero20@rotiseria.com
    [password] => cocinero123
)

GET: Array
(
)

RAW INPUT: 

=== 2025-10-21 02:13:29 ===
REQUEST_METHOD: POST
POST: Array
(
    [email] => cocinero20@rotiseria.com
    [password] => cocinero123
)

GET: Array
(
)

RAW INPUT: 

=== 2025-10-21 06:24:03 ===
REQUEST_METHOD: POST
POST: Array
(
    [email] => luchocampanelli1@gmail.com
    [password] => drysda08
)

GET: Array
(
)

RAW INPUT: 

=== 2025-10-21 06:24:04 ===
REQUEST_METHOD: POST
POST: Array
(
    [email] => luchocampanelli1@gmail.com
    [password] => drysda08
)

GET: Array
(
)

RAW INPUT: 

=== 2025-10-21 06:24:04 ===
REQUEST_METHOD: POST
POST: Array
(
    [email] => luchocampanelli1@gmail.com
    [password] => drysda08
)

GET: Array
(
)

RAW INPUT: 

=== 2025-10-21 06:24:05 ===
REQUEST_METHOD: POST
POST: Array
(
    [email] => luchocampanelli1@gmail.com
    [password] => drysda08
)

GET: Array
(
)

RAW INPUT: 

=== 2025-10-21 06:24:05 ===
REQUEST_METHOD: POST
POST: Array
(
    [email] => luchocampanelli1@gmail.com
    [password] => drysda08
)

GET: Array
(
)

RAW INPUT: 

=== 2025-10-21 06:24:05 ===
REQUEST_METHOD: POST
POST: Array
(
    [email] => luchocampanelli1@gmail.com
    [password] => drysda08
)

GET: Array
(
)

RAW INPUT: 

=== 2025-10-21 06:24:05 ===
REQUEST_METHOD: POST
POST: Array
(
    [email] => luchocampanelli1@gmail.com
    [password] => drysda08
)

GET: Array
(
)

RAW INPUT: 

=== 2025-10-21 06:24:05 ===
REQUEST_METHOD: POST
POST: Array
(
    [email] => luchocampanelli1@gmail.com
    [password] => drysda08
)

GET: Array
(
)

RAW INPUT: 

=== 2025-10-21 06:24:06 ===
REQUEST_METHOD: POST
POST: Array
(
    [email] => luchocampanelli1@gmail.com
    [password] => drysda08
)

GET: Array
(
)

RAW INPUT: 

=== 2025-10-21 06:24:06 ===
REQUEST_METHOD: POST
POST: Array
(
    [email] => luchocampanelli1@gmail.com
    [password] => drysda08
)

GET: Array
(
)

RAW INPUT: 

=== 2025-10-21 06:24:06 ===
REQUEST_METHOD: POST
POST: Array
(
    [email] => luchocampanelli1@gmail.com
    [password] => drysda08
)

GET: Array
(
)

RAW INPUT: 

=== 2025-10-21 06:24:06 ===
REQUEST_METHOD: POST
POST: Array
(
    [email] => luchocampanelli1@gmail.com
    [password] => drysda08
)

GET: Array
(
)

RAW INPUT: 

=== 2025-10-21 06:24:06 ===
REQUEST_METHOD: POST
POST: Array
(
    [email] => luchocampanelli1@gmail.com
    [password] => drysda08
)

GET: Array
(
)

RAW INPUT: 

=== 2025-10-21 06:24:07 ===
REQUEST_METHOD: POST
POST: Array
(
    [email] => luchocampanelli1@gmail.com
    [password] => drysda08
)

GET: Array
(
)

RAW INPUT: 

=== 2025-10-21 06:24:07 ===
REQUEST_METHOD: POST
POST: Array
(
    [email] => luchocampanelli1@gmail.com
    [password] => drysda08
)

GET: Array
(
)

RAW INPUT: 

=== 2025-10-21 06:24:07 ===
REQUEST_METHOD: POST
POST: Array
(
    [email] => luchocampanelli1@gmail.com
    [password] => drysda08
)

GET: Array
(
)

RAW INPUT: 

=== 2025-10-21 06:24:08 ===
REQUEST_METHOD: POST
POST: Array
(
    [email] => luchocampanelli1@gmail.com
    [password] => drysda08
)

GET: Array
(
)

RAW INPUT: 

=== 2025-10-21 06:24:08 ===
REQUEST_METHOD: POST
POST: Array
(
    [email] => luchocampanelli1@gmail.com
    [password] => drysda08
)

GET: Array
(
)

RAW INPUT: 

=== 2025-10-21 06:24:08 ===
REQUEST_METHOD: POST
POST: Array
(
    [email] => luchocampanelli1@gmail.com
    [password] => drysda08
)

GET: Array
(
)

RAW INPUT: 

=== 2025-10-21 06:24:08 ===
REQUEST_METHOD: POST
POST: Array
(
    [email] => luchocampanelli1@gmail.com
    [password] => drysda08
)

GET: Array
(
)

RAW INPUT: 

=== 2025-10-21 06:24:08 ===
REQUEST_METHOD: POST
POST: Array
(
    [email] => luchocampanelli1@gmail.com
    [password] => drysda08
)

GET: Array
(
)

RAW INPUT: 

=== 2025-10-21 06:24:08 ===
REQUEST_METHOD: POST
POST: Array
(
    [email] => luchocampanelli1@gmail.com
    [password] => drysda08
)

GET: Array
(
)

RAW INPUT: 

=== 2025-10-21 06:24:08 ===
REQUEST_METHOD: POST
POST: Array
(
    [email] => luchocampanelli1@gmail.com
    [password] => drysda08
)

GET: Array
(
)

RAW INPUT: 

=== 2025-10-21 06:24:08 ===
REQUEST_METHOD: POST
POST: Array
(
    [email] => luchocampanelli1@gmail.com
    [password] => drysda08
)

GET: Array
(
)

RAW INPUT: 

=== 2025-10-21 06:24:09 ===
REQUEST_METHOD: POST
POST: Array
(
    [email] => luchocampanelli1@gmail.com
    [password] => drysda08
)

GET: Array
(
)

RAW INPUT: 

=== 2025-10-21 06:24:09 ===
REQUEST_METHOD: POST
POST: Array
(
    [email] => luchocampanelli1@gmail.com
    [password] => drysda08
)

GET: Array
(
)

RAW INPUT: 

=== 2025-10-21 06:24:09 ===
REQUEST_METHOD: POST
POST: Array
(
    [email] => luchocampanelli1@gmail.com
    [password] => drysda08
)

GET: Array
(
)

RAW INPUT: 

=== 2025-10-21 06:24:09 ===
REQUEST_METHOD: POST
POST: Array
(
    [email] => luchocampanelli1@gmail.com
    [password] => drysda08
)

GET: Array
(
)

RAW INPUT: 

=== 2025-10-21 06:24:09 ===
REQUEST_METHOD: POST
POST: Array
(
    [email] => luchocampanelli1@gmail.com
    [password] => drysda08
)

GET: Array
(
)

RAW INPUT: 

=== 2025-10-21 06:24:16 ===
REQUEST_METHOD: POST
POST: Array
(
    [email] => luchocampanelli1@gmail.com
    [password] => drysda08
)

GET: Array
(
)

RAW INPUT: 

=== 2025-10-21 06:24:34 ===
REQUEST_METHOD: POST
POST: Array
(
    [email] => luchocampanelli1@gmail.com
    [password] => drysda08
)

GET: Array
(
)

RAW INPUT: 

=== 2025-10-21 06:24:34 ===
REQUEST_METHOD: POST
POST: Array
(
    [email] => luchocampanelli1@gmail.com
    [password] => drysda08
)

GET: Array
(
)

RAW INPUT: 

=== 2025-10-21 06:25:17 ===
REQUEST_METHOD: POST
POST: Array
(
    [email] => luchocampanelli1@gmail.com
    [password] => drysda08
)

GET: Array
(
)

RAW INPUT: 

=== 2025-10-21 06:25:17 ===
REQUEST_METHOD: POST
POST: Array
(
    [email] => luchocampanelli1@gmail.com
    [password] => drysda08
)

GET: Array
(
)

RAW INPUT: 

=== 2025-10-21 06:27:21 ===
REQUEST_METHOD: POST
POST: Array
(
    [email] => cocinero20@rotiseria.com
    [password] => cocinero123
)

GET: Array
(
)

RAW INPUT: 

=== 2025-10-21 06:27:21 ===
REQUEST_METHOD: POST
POST: Array
(
    [email] => cocinero20@rotiseria.com
    [password] => cocinero123
)

GET: Array
(
)

RAW INPUT: 

=== 2025-10-21 06:28:19 ===
REQUEST_METHOD: POST
POST: Array
(
    [email] => cocinero20@rotiseria.com
    [password] => cocinero123
)

GET: Array
(
)

RAW INPUT: 

=== 2025-10-21 06:28:19 ===
REQUEST_METHOD: POST
POST: Array
(
    [email] => cocinero20@rotiseria.com
    [password] => cocinero123
)

GET: Array
(
)

RAW INPUT: 

=== 2025-10-21 06:28:24 ===
REQUEST_METHOD: POST
POST: Array
(
    [email] => cocinero20@rotiseria.com
    [password] => drysda08
)

GET: Array
(
)

RAW INPUT: 

=== 2025-10-21 06:28:24 ===
REQUEST_METHOD: POST
POST: Array
(
    [email] => cocinero20@rotiseria.com
    [password] => drysda08
)

GET: Array
(
)

RAW INPUT: 

=== 2025-10-21 06:29:20 ===
REQUEST_METHOD: POST
POST: Array
(
    [email] => cocinero20@rotiseria.com
    [password] => drysda08
)

GET: Array
(
)

RAW INPUT: 

=== 2025-10-21 06:29:20 ===
REQUEST_METHOD: POST
POST: Array
(
    [email] => cocinero20@rotiseria.com
    [password] => drysda08
)

GET: Array
(
)

RAW INPUT: 

=== 2025-10-21 06:29:57 ===
REQUEST_METHOD: POST
POST: Array
(
    [email] => luchocampanelli1@gmail.com
    [password] => drysda08
)

GET: Array
(
)

RAW INPUT: 

=== 2025-10-21 06:29:57 ===
REQUEST_METHOD: POST
POST: Array
(
    [email] => luchocampanelli1@gmail.com
    [password] => drysda08
)

GET: Array
(
)

RAW INPUT: 

=== 2025-10-21 06:31:59 ===
REQUEST_METHOD: POST
POST: Array
(
    [email] => cocinero20@rotiseria.com
    [password] => drysda08
)

GET: Array
(
)

RAW INPUT: 

=== 2025-10-21 06:31:59 ===
REQUEST_METHOD: POST
POST: Array
(
    [email] => cocinero20@rotiseria.com
    [password] => drysda08
)

GET: Array
(
)

RAW INPUT: 

=== 2025-10-21 00:40:02 ===
REQUEST_METHOD: POST
POST: Array
(
    [email] => luchocampanelli1@gmail.com
    [password] => drysda08
)

GET: Array
(
)

RAW INPUT: 

=== 2025-10-21 00:40:02 ===
REQUEST_METHOD: POST
POST: Array
(
    [email] => luchocampanelli1@gmail.com
    [password] => drysda08
)

GET: Array
(
)

RAW INPUT: 

=== 2025-10-21 00:40:54 ===
REQUEST_METHOD: POST
POST: Array
(
    [email] => cocinero20@rotiseria.com
    [password] => drysda08
)

GET: Array
(
)

RAW INPUT: 

=== 2025-10-21 00:40:54 ===
REQUEST_METHOD: POST
POST: Array
(
    [email] => cocinero20@rotiseria.com
    [password] => drysda08
)

GET: Array
(
)

RAW INPUT: 

=== 2025-10-21 01:13:17 ===
REQUEST_METHOD: POST
POST: Array
(
    [email] => repartidor@rotiseria.com
    [password] => drysda08
)

GET: Array
(
)

RAW INPUT: 

=== 2025-10-21 01:13:17 ===
REQUEST_METHOD: POST
POST: Array
(
    [email] => repartidor@rotiseria.com
    [password] => drysda08
)

GET: Array
(
)

RAW INPUT: 

=== 2025-10-21 01:13:55 ===
REQUEST_METHOD: POST
POST: Array
(
    [email] => repartidor@rotiseria.com
    [password] => drysda08
)

GET: Array
(
)

RAW INPUT: 

=== 2025-10-21 01:13:55 ===
REQUEST_METHOD: POST
POST: Array
(
    [email] => repartidor@rotiseria.com
    [password] => drysda08
)

GET: Array
(
)

RAW INPUT: 

=== 2025-10-21 01:32:49 ===
REQUEST_METHOD: POST
POST: Array
(
    [email] => repartidor@rotiseria.com
    [password] => DRYSDA08
)

GET: Array
(
)

RAW INPUT: 

=== 2025-10-21 01:32:49 ===
REQUEST_METHOD: POST
POST: Array
(
    [email] => repartidor@rotiseria.com
    [password] => DRYSDA08
)

GET: Array
(
)

RAW INPUT: 

=== 2025-10-21 01:32:50 ===
REQUEST_METHOD: POST
POST: Array
(
    [email] => repartidor@rotiseria.com
    [password] => DRYSDA08
)

GET: Array
(
)

RAW INPUT: 

=== 2025-10-21 01:32:50 ===
REQUEST_METHOD: POST
POST: Array
(
    [email] => repartidor@rotiseria.com
    [password] => DRYSDA08
)

GET: Array
(
)

RAW INPUT: 

=== 2025-10-21 01:32:50 ===
REQUEST_METHOD: POST
POST: Array
(
    [email] => repartidor@rotiseria.com
    [password] => DRYSDA08
)

GET: Array
(
)

RAW INPUT: 

=== 2025-10-21 01:32:50 ===
REQUEST_METHOD: POST
POST: Array
(
    [email] => repartidor@rotiseria.com
    [password] => DRYSDA08
)

GET: Array
(
)

RAW INPUT: 

=== 2025-10-21 01:32:50 ===
REQUEST_METHOD: POST
POST: Array
(
    [email] => repartidor@rotiseria.com
    [password] => DRYSDA08
)

GET: Array
(
)

RAW INPUT: 

=== 2025-10-21 01:32:50 ===
REQUEST_METHOD: POST
POST: Array
(
    [email] => repartidor@rotiseria.com
    [password] => DRYSDA08
)

GET: Array
(
)

RAW INPUT: 

=== 2025-10-21 01:32:56 ===
REQUEST_METHOD: POST
POST: Array
(
    [email] => repartidor@rotiseria.com
    [password] => drysda08
)

GET: Array
(
)

RAW INPUT: 

=== 2025-10-21 01:32:56 ===
REQUEST_METHOD: POST
POST: Array
(
    [email] => repartidor@rotiseria.com
    [password] => drysda08
)

GET: Array
(
)

RAW INPUT: 

=== 2025-10-21 01:36:18 ===
REQUEST_METHOD: POST
POST: Array
(
    [email] => cocinero20@rotiseria.com
    [password] => cocinero123
)

GET: Array
(
)

RAW INPUT: 

=== 2025-10-21 01:36:18 ===
REQUEST_METHOD: POST
POST: Array
(
    [email] => cocinero20@rotiseria.com
    [password] => cocinero123
)

GET: Array
(
)

RAW INPUT: 

=== 2025-10-21 01:36:22 ===
REQUEST_METHOD: POST
POST: Array
(
    [email] => cocinero20@rotiseria.com
    [password] => drysda08
)

GET: Array
(
)

RAW INPUT: 

=== 2025-10-21 01:36:22 ===
REQUEST_METHOD: POST
POST: Array
(
    [email] => cocinero20@rotiseria.com
    [password] => drysda08
)

GET: Array
(
)

RAW INPUT: 

=== 2025-10-21 07:51:51 ===
REQUEST_METHOD: POST
POST: Array
(
    [email] => luchocampanelli1@gmail.com
    [password] => drysda08
)

GET: Array
(
)

RAW INPUT: 

=== 2025-10-21 07:52:16 ===
REQUEST_METHOD: POST
POST: Array
(
    [email] => cocinero20@rotiseria.com
    [password] => drysda08
)

GET: Array
(
)

RAW INPUT: 

=== 2025-10-21 07:52:16 ===
REQUEST_METHOD: POST
POST: Array
(
    [email] => cocinero20@rotiseria.com
    [password] => drysda08
)

GET: Array
(
)

RAW INPUT: 

=== 2025-10-21 17:07:14 ===
REQUEST_METHOD: POST
POST: Array
(
    [email] => cocinero20@rotiseria.com
    [password] => drysda08
)

GET: Array
(
)

RAW INPUT: 

=== 2025-10-21 17:07:14 ===
REQUEST_METHOD: POST
POST: Array
(
    [email] => cocinero20@rotiseria.com
    [password] => drysda08
)

GET: Array
(
)

RAW INPUT: 

=== 2025-10-21 08:17:00 ===
REQUEST_METHOD: POST
POST: Array
(
    [email] => luchocampanelli1@gmail.com
    [password] => drysda08
)

GET: Array
(
)

RAW INPUT: 

=== 2025-10-21 08:17:00 ===
REQUEST_METHOD: POST
POST: Array
(
    [email] => luchocampanelli1@gmail.com
    [password] => drysda08
)

GET: Array
(
)

RAW INPUT: 

=== 2025-10-21 08:17:46 ===
REQUEST_METHOD: POST
POST: Array
(
    [email] => cocinero20@rotiseria.com
    [password] => drysda08
)

GET: Array
(
)

RAW INPUT: 

=== 2025-10-21 08:17:46 ===
REQUEST_METHOD: POST
POST: Array
(
    [email] => cocinero20@rotiseria.com
    [password] => drysda08
)

GET: Array
(
)

RAW INPUT: 

=== 2025-10-21 08:45:43 ===
REQUEST_METHOD: POST
POST: Array
(
    [email] => luchocampanelli1@gmail.com
    [password] => drysda08
)

GET: Array
(
)

RAW INPUT: 

=== 2025-10-21 08:45:43 ===
REQUEST_METHOD: POST
POST: Array
(
    [email] => luchocampanelli1@gmail.com
    [password] => drysda08
)

GET: Array
(
)

RAW INPUT: 

=== 2025-10-21 08:47:08 ===
REQUEST_METHOD: POST
POST: Array
(
    [email] => cocinero20@rotiseria.com
    [password] => cocinero123
)

GET: Array
(
)

RAW INPUT: 

=== 2025-10-21 08:47:08 ===
REQUEST_METHOD: POST
POST: Array
(
    [email] => cocinero20@rotiseria.com
    [password] => cocinero123
)

GET: Array
(
)

RAW INPUT: 

=== 2025-10-21 08:47:12 ===
REQUEST_METHOD: POST
POST: Array
(
    [email] => cocinero20@rotiseria.com
    [password] => drysda08
)

GET: Array
(
)

RAW INPUT: 

=== 2025-10-21 08:47:12 ===
REQUEST_METHOD: POST
POST: Array
(
    [email] => cocinero20@rotiseria.com
    [password] => drysda08
)

GET: Array
(
)

RAW INPUT: 

